<?xml version="1.0" encoding="UTF-8"?>
<!-- Generated by org.testng.reporters.JUnitXMLReporter -->
<testsuite ignored="0" hostname="LAPTOP-SDU1A86Q" failures="0" tests="7" name="AllTests" time="34.611" errors="0" timestamp="2025-09-20T17:14:22 IST">
  <testcase classname="tests.BuyOrderFunctionality" name="TestBuyOrderFunctionality" time="0.706"/>
  <testcase classname="tests.ClickFirstMenuLinkAndPrintPageTitle" name="ClickFirstMenuLinkAndPrintPageTitleTest" time="0.029"/>
  <testcase classname="tests.CorrectTotalPrice" name="TestCorrectTotalPrice" time="5.047"/>
  <testcase classname="tests.UserRegistrationProcess" name="TestUserRegistrationProcess" time="0.041"/>
  <testcase classname="tests.VerifyErrorMessagesForMandatoryFields" name="TestVerifyErrorMessagesForMandatoryFields" time="0.012"/>
  <testcase classname="tests.VerifyInvalidEmailAddressError" name="TestVerifyInvalidEmailAddressError" time="0.002"/>
  <testcase classname="tests.WishListWorksAfterLogin" name="TestWishListWorksAfterLogin" time="3.004"/>
</testsuite> <!-- AllTests -->
